[2021-02-26 09:14:12,595] INFO Starting the log cleaner (kafka.log.LogCleaner)
[2021-02-26 09:14:12,688] INFO [kafka-log-cleaner-thread-0]: Starting (kafka.log.LogCleaner)
[2021-02-26 15:28:15,019] INFO Starting the log cleaner (kafka.log.LogCleaner)
[2021-02-26 15:28:15,091] INFO [kafka-log-cleaner-thread-0]: Starting (kafka.log.LogCleaner)
[2021-02-26 17:33:47,853] INFO Starting the log cleaner (kafka.log.LogCleaner)
[2021-02-26 17:33:47,933] INFO [kafka-log-cleaner-thread-0]: Starting (kafka.log.LogCleaner)
[2021-03-01 08:56:11,210] INFO Starting the log cleaner (kafka.log.LogCleaner)
[2021-03-01 08:56:11,290] INFO [kafka-log-cleaner-thread-0]: Starting (kafka.log.LogCleaner)
[2021-03-02 10:44:06,571] INFO Starting the log cleaner (kafka.log.LogCleaner)
[2021-03-02 10:44:06,648] INFO [kafka-log-cleaner-thread-0]: Starting (kafka.log.LogCleaner)
[2021-03-08 09:11:51,574] INFO Starting the log cleaner (kafka.log.LogCleaner)
[2021-03-08 09:11:51,653] INFO [kafka-log-cleaner-thread-0]: Starting (kafka.log.LogCleaner)
[2021-03-08 09:12:06,726] WARN [kafka-log-cleaner-thread-0]: Unexpected exception thrown when cleaning log Log(dir=c:\kafka\kafka-logs\stream-stream-inner-join-KSTREAM-JOINTHIS-0000000012-store-changelog-0, topic=stream-stream-inner-join-KSTREAM-JOINTHIS-0000000012-store-changelog, partition=0, highWatermark=2, lastStableOffset=2, logStartOffset=0, logEndOffset=2). Marking its partition (stream-stream-inner-join-KSTREAM-JOINTHIS-0000000012-store-changelog-0) as uncleanable (kafka.log.LogCleaner)
kafka.log.LogCleaningException: Error while deleting segments for stream-stream-inner-join-KSTREAM-JOINTHIS-0000000012-store-changelog-0 in dir c:\kafka\kafka-logs
	at kafka.log.LogCleaner$CleanerThread.$anonfun$cleanFilthiestLog$1(LogCleaner.scala:367)
	at kafka.log.LogCleaner$CleanerThread.$anonfun$cleanFilthiestLog$1$adapted(LogCleaner.scala:362)
	at scala.collection.immutable.List.foreach(List.scala:333)
	at kafka.log.LogCleaner$CleanerThread.cleanFilthiestLog(LogCleaner.scala:362)
	at kafka.log.LogCleaner$CleanerThread.tryCleanFilthiestLog(LogCleaner.scala:333)
	at kafka.log.LogCleaner$CleanerThread.doWork(LogCleaner.scala:322)
	at kafka.utils.ShutdownableThread.run(ShutdownableThread.scala:96)
Caused by: org.apache.kafka.common.errors.KafkaStorageException: Error while deleting segments for stream-stream-inner-join-KSTREAM-JOINTHIS-0000000012-store-changelog-0 in dir c:\kafka\kafka-logs
Caused by: java.nio.file.FileSystemException: c:\kafka\kafka-logs\stream-stream-inner-join-KSTREAM-JOINTHIS-0000000012-store-changelog-0\00000000000000000000.timeindex -> c:\kafka\kafka-logs\stream-stream-inner-join-KSTREAM-JOINTHIS-0000000012-store-changelog-0\00000000000000000000.timeindex.deleted: The process cannot access the file because it is being used by another process.

	at java.base/sun.nio.fs.WindowsException.translateToIOException(WindowsException.java:92)
	at java.base/sun.nio.fs.WindowsException.rethrowAsIOException(WindowsException.java:103)
	at java.base/sun.nio.fs.WindowsFileCopy.move(WindowsFileCopy.java:395)
	at java.base/sun.nio.fs.WindowsFileSystemProvider.move(WindowsFileSystemProvider.java:292)
	at java.base/java.nio.file.Files.move(Files.java:1424)
	at org.apache.kafka.common.utils.Utils.atomicMoveWithFallback(Utils.java:917)
	at kafka.log.AbstractIndex.renameTo(AbstractIndex.scala:211)
	at kafka.log.LazyIndex$IndexValue.renameTo(LazyIndex.scala:155)
	at kafka.log.LazyIndex.$anonfun$renameTo$1(LazyIndex.scala:79)
	at kafka.log.LazyIndex.renameTo(LazyIndex.scala:79)
	at kafka.log.LogSegment.changeFileSuffixes(LogSegment.scala:497)
	at kafka.log.Log.$anonfun$deleteSegmentFiles$1(Log.scala:2279)
	at kafka.log.Log.$anonfun$deleteSegmentFiles$1$adapted(Log.scala:2279)
	at scala.collection.immutable.List.foreach(List.scala:333)
	at kafka.log.Log.deleteSegmentFiles(Log.scala:2279)
	at kafka.log.Log.removeAndDeleteSegments(Log.scala:2263)
	at kafka.log.Log.$anonfun$deleteSegments$2(Log.scala:1753)
	at kafka.log.Log.deleteSegments(Log.scala:2387)
	at kafka.log.Log.deleteRetentionMsBreachedSegments(Log.scala:1737)
	at kafka.log.Log.deleteOldSegments(Log.scala:1806)
	at kafka.log.LogCleaner$CleanerThread.$anonfun$cleanFilthiestLog$1(LogCleaner.scala:364)
	at kafka.log.LogCleaner$CleanerThread.$anonfun$cleanFilthiestLog$1$adapted(LogCleaner.scala:362)
	at scala.collection.immutable.List.foreach(List.scala:333)
	at kafka.log.LogCleaner$CleanerThread.cleanFilthiestLog(LogCleaner.scala:362)
	at kafka.log.LogCleaner$CleanerThread.tryCleanFilthiestLog(LogCleaner.scala:333)
	at kafka.log.LogCleaner$CleanerThread.doWork(LogCleaner.scala:322)
	at kafka.utils.ShutdownableThread.run(ShutdownableThread.scala:96)
	Suppressed: java.nio.file.FileSystemException: c:\kafka\kafka-logs\stream-stream-inner-join-KSTREAM-JOINTHIS-0000000012-store-changelog-0\00000000000000000000.timeindex -> c:\kafka\kafka-logs\stream-stream-inner-join-KSTREAM-JOINTHIS-0000000012-store-changelog-0\00000000000000000000.timeindex.deleted: The process cannot access the file because it is being used by another process.

		at java.base/sun.nio.fs.WindowsException.translateToIOException(WindowsException.java:92)
		at java.base/sun.nio.fs.WindowsException.rethrowAsIOException(WindowsException.java:103)
		at java.base/sun.nio.fs.WindowsFileCopy.move(WindowsFileCopy.java:309)
		at java.base/sun.nio.fs.WindowsFileSystemProvider.move(WindowsFileSystemProvider.java:292)
		at java.base/java.nio.file.Files.move(Files.java:1424)
		at org.apache.kafka.common.utils.Utils.atomicMoveWithFallback(Utils.java:914)
		... 21 more
[2021-03-08 09:20:09,587] INFO Starting the log cleaner (kafka.log.LogCleaner)
[2021-03-08 09:20:09,686] INFO [kafka-log-cleaner-thread-0]: Starting (kafka.log.LogCleaner)
[2021-03-08 09:26:24,377] INFO Starting the log cleaner (kafka.log.LogCleaner)
[2021-03-08 09:26:24,443] INFO [kafka-log-cleaner-thread-0]: Starting (kafka.log.LogCleaner)
[2021-03-11 16:48:38,386] INFO Starting the log cleaner (kafka.log.LogCleaner)
[2021-03-11 16:48:38,469] INFO [kafka-log-cleaner-thread-0]: Starting (kafka.log.LogCleaner)
[2021-03-11 16:48:39,765] INFO Shutting down the log cleaner. (kafka.log.LogCleaner)
[2021-03-11 16:48:39,765] INFO [kafka-log-cleaner-thread-0]: Shutting down (kafka.log.LogCleaner)
[2021-03-11 16:48:39,766] INFO [kafka-log-cleaner-thread-0]: Stopped (kafka.log.LogCleaner)
[2021-03-11 16:48:39,766] INFO [kafka-log-cleaner-thread-0]: Shutdown completed (kafka.log.LogCleaner)
[2021-03-11 16:49:05,847] INFO Starting the log cleaner (kafka.log.LogCleaner)
[2021-03-11 16:49:05,912] INFO [kafka-log-cleaner-thread-0]: Starting (kafka.log.LogCleaner)
[2021-03-11 16:50:00,873] INFO Shutting down the log cleaner. (kafka.log.LogCleaner)
[2021-03-11 16:50:00,873] INFO [kafka-log-cleaner-thread-0]: Shutting down (kafka.log.LogCleaner)
[2021-03-11 16:50:00,873] INFO [kafka-log-cleaner-thread-0]: Stopped (kafka.log.LogCleaner)
[2021-03-11 16:50:00,873] INFO [kafka-log-cleaner-thread-0]: Shutdown completed (kafka.log.LogCleaner)
[2021-03-11 16:50:21,457] INFO Starting the log cleaner (kafka.log.LogCleaner)
[2021-03-11 16:50:21,520] INFO [kafka-log-cleaner-thread-0]: Starting (kafka.log.LogCleaner)
[2021-03-11 16:50:40,181] INFO Shutting down the log cleaner. (kafka.log.LogCleaner)
[2021-03-11 16:50:40,181] INFO [kafka-log-cleaner-thread-0]: Shutting down (kafka.log.LogCleaner)
[2021-03-11 16:50:40,181] INFO [kafka-log-cleaner-thread-0]: Stopped (kafka.log.LogCleaner)
[2021-03-11 16:50:40,181] INFO [kafka-log-cleaner-thread-0]: Shutdown completed (kafka.log.LogCleaner)
[2021-03-11 16:50:59,808] INFO Starting the log cleaner (kafka.log.LogCleaner)
[2021-03-11 16:50:59,873] INFO [kafka-log-cleaner-thread-0]: Starting (kafka.log.LogCleaner)
[2021-03-12 09:36:24,014] INFO Starting the log cleaner (kafka.log.LogCleaner)
[2021-03-12 09:36:24,091] INFO [kafka-log-cleaner-thread-0]: Starting (kafka.log.LogCleaner)
[2021-03-12 09:41:41,990] INFO Starting the log cleaner (kafka.log.LogCleaner)
[2021-03-12 09:41:42,056] INFO [kafka-log-cleaner-thread-0]: Starting (kafka.log.LogCleaner)
[2021-03-12 09:48:16,231] INFO Starting the log cleaner (kafka.log.LogCleaner)
[2021-03-12 09:48:16,295] INFO [kafka-log-cleaner-thread-0]: Starting (kafka.log.LogCleaner)
[2021-03-12 11:19:31,684] INFO Starting the log cleaner (kafka.log.LogCleaner)
[2021-03-12 11:19:31,757] INFO [kafka-log-cleaner-thread-0]: Starting (kafka.log.LogCleaner)
